\BOOKMARK [-1][-]{part.1}{I Matrices}{}% 1
\BOOKMARK [0][-]{chapter.1}{Conozcamos las Matrices}{part.1}% 2
\BOOKMARK [1][-]{section.1.1}{Definici\363n}{chapter.1}% 3
\BOOKMARK [2][-]{subsection.1.1.1}{Notaci\363n de Matrices mediante Funci\363n}{section.1.1}% 4
\BOOKMARK [1][-]{section.1.2}{Simbolog\355a}{chapter.1}% 5
\BOOKMARK [1][-]{section.1.3}{Delta de Kronecker}{chapter.1}% 6
\BOOKMARK [1][-]{section.1.4}{Clasificaci\363n y Matrices Famosas}{chapter.1}% 7
\BOOKMARK [2][-]{subsection.1.4.1}{Matrices Rectangulares}{section.1.4}% 8
\BOOKMARK [2][-]{subsection.1.4.2}{Matrices Cuadradas}{section.1.4}% 9
\BOOKMARK [2][-]{subsection.1.4.3}{Matrices Diagonales}{section.1.4}% 10
\BOOKMARK [2][-]{subsection.1.4.4}{Matriz Identidad: In}{section.1.4}% 11
\BOOKMARK [2][-]{subsection.1.4.5}{Matriz Cero: 0m n}{section.1.4}% 12
\BOOKMARK [0][-]{chapter.2}{\301lgebra Matricial}{part.1}% 13
\BOOKMARK [1][-]{section.2.1}{Suma de Matrices}{chapter.2}% 14
\BOOKMARK [1][-]{section.2.2}{Producto de Esclar por Matriz}{chapter.2}% 15
\BOOKMARK [1][-]{section.2.3}{Propiedades de Suma y Producto Escalar de Matrices}{chapter.2}% 16
\BOOKMARK [1][-]{section.2.4}{Operaciones Elementales}{chapter.2}% 17
\BOOKMARK [2][-]{subsection.2.4.1}{Swap: Intercambiar Filas \363 Columnas}{section.2.4}% 18
\BOOKMARK [-1][-]{part.2}{II Sistema de Ecuaciones Lineales}{}% 19
\BOOKMARK [0][-]{chapter.3}{Sistemas de Ecuaciones Lineales}{part.2}% 20
\BOOKMARK [1][-]{section.3.1}{Generalidades}{chapter.3}% 21
\BOOKMARK [2][-]{subsection.3.1.1}{Definici\363n: Ecuaciones Lineales}{section.3.1}% 22
\BOOKMARK [2][-]{subsection.3.1.2}{Matriz Ampliada}{section.3.1}% 23
\BOOKMARK [2][-]{subsection.3.1.3}{Ejemplos}{section.3.1}% 24
\BOOKMARK [1][-]{section.3.2}{Tipos de Soluciones}{chapter.3}% 25
\BOOKMARK [2][-]{subsection.3.2.1}{Sistemas Consistentes \(M\355nimo 1 Soluci\363n\)}{section.3.2}% 26
\BOOKMARK [2][-]{subsection.3.2.2}{Sistemas No Consistentes \(No Soluci\363n\)}{section.3.2}% 27
ction.2.7}{Operaciones Elementales}{chapter.2}% 29
\BOOKMARK [2][-]{subsection.2.7.1}{Swap: Intercambiar Filas \363 Columnas}{section.2.7}% 30
\BOOKMARK [-1][-]{part.2}{II Sistema de Ecuaciones Lineales}{}% 31
\BOOKMARK [0][-]{chapter.3}{Sistemas de Ecuaciones Lineales}{part.2}% 32
\BOOKMARK [1][-]{section.3.1}{Generalidades}{chapter.3}% 33
\BOOKMARK [2][-]{subsection.3.1.1}{Definici\363n: Ecuaciones Lineales}{section.3.1}% 34
\BOOKMARK [2][-]{subsection.3.1.2}{Matriz Ampliada}{section.3.1}% 35
\BOOKMARK [2][-]{subsection.3.1.3}{Sistema Ecuaciones como Multiplicaci\363n de Matrices}{section.3.1}% 36
\BOOKMARK [1][-]{section.3.2}{Tipos de Soluciones}{chapter.3}% 37
\BOOKMARK [2][-]{subsection.3.2.1}{Sistemas Consistentes \(M\355nimo 1 Soluci\363n\)}{section.3.2}% 38
\BOOKMARK [2][-]{subsection.3.2.2}{Sistemas No Consistentes \(No Soluci\363n\)}{section.3.2}% 39
\BOOKMARK [1][-]{section.3.3}{Sistemas Homog\351neos}{chapter.3}% 40
