\BOOKMARK [1][-]{section.0.1}{\277Qu\351 es lo que estoy leyendo?}{}% 1
\BOOKMARK [-1][-]{part.1}{I Introducci\363n A Matrices}{}% 2
\BOOKMARK [0][-]{chapter.1}{Conozcamos las Matrices}{part.1}% 3
\BOOKMARK [1][-]{section.1.1}{Definici\363n}{chapter.1}% 4
\BOOKMARK [2][-]{subsection.1.1.1}{Notaci\363n de Matrices mediante Funci\363n}{section.1.1}% 5
\BOOKMARK [1][-]{section.1.2}{Simbolog\355a y Notaci\363n}{chapter.1}% 6
\BOOKMARK [1][-]{section.1.3}{Delta de Kronecker}{chapter.1}% 7
\BOOKMARK [1][-]{section.1.4}{Clasificaci\363n y Matrices Famosas}{chapter.1}% 8
\BOOKMARK [2][-]{subsection.1.4.1}{Matrices Cuadradas}{section.1.4}% 9
\BOOKMARK [2][-]{subsection.1.4.2}{Matriz Identidad: In}{section.1.4}% 10
\BOOKMARK [2][-]{subsection.1.4.3}{Matriz Cero: 0m n}{section.1.4}% 11
\BOOKMARK [1][-]{section.1.5}{Matrices Diagonales}{chapter.1}% 12
\BOOKMARK [2][-]{subsection.1.5.1}{Definici\363n}{section.1.5}% 13
\BOOKMARK [2][-]{subsection.1.5.2}{Propiedades}{section.1.5}% 14
\BOOKMARK [1][-]{section.1.6}{Matrices Triangulares Superiores}{chapter.1}% 15
\BOOKMARK [0][-]{chapter.2}{\301lgebra Matricial}{part.1}% 16
\BOOKMARK [1][-]{section.2.1}{Suma de Matrices}{chapter.2}% 17
\BOOKMARK [2][-]{subsection.2.1.1}{Propiedades de Suma}{section.2.1}% 18
\BOOKMARK [1][-]{section.2.2}{Producto de Escalar por Matriz}{chapter.2}% 19
\BOOKMARK [2][-]{subsection.2.2.1}{Propiedades del Producto Escalar}{section.2.2}% 20
\BOOKMARK [1][-]{section.2.3}{Producto de Matrices}{chapter.2}% 21
\BOOKMARK [2][-]{subsection.2.3.1}{Exponente de Matrices}{section.2.3}% 22
\BOOKMARK [2][-]{subsection.2.3.2}{Propiedades}{section.2.3}% 23
\BOOKMARK [2][-]{subsection.2.3.3}{Matriz \040Vector: A}{section.2.3}% 24
\BOOKMARK [1][-]{section.2.4}{Traza de una Matriz}{chapter.2}% 25
\BOOKMARK [2][-]{subsection.2.4.1}{Propiedades}{section.2.4}% 26
\BOOKMARK [1][-]{section.2.5}{Transpuesta de una Matriz}{chapter.2}% 27
\BOOKMARK [2][-]{subsection.2.5.1}{Definici\363n}{section.2.5}% 28
\BOOKMARK [2][-]{subsection.2.5.2}{Propiedades}{section.2.5}% 29
\BOOKMARK [2][-]{subsection.2.5.3}{Matrices Sim\351tricas}{section.2.5}% 30
\BOOKMARK [2][-]{subsection.2.5.4}{Matrices Antisim\351tricas}{section.2.5}% 31
\BOOKMARK [2][-]{subsection.2.5.5}{Propiedades de Simetr\355a y AntiSimetr\355a}{section.2.5}% 32
\BOOKMARK [-1][-]{part.2}{II Espacios Vectoriales}{}% 33
\BOOKMARK [0][-]{chapter.3}{Definici\363n y Caracter\355sticas}{part.2}% 34
\BOOKMARK [1][-]{section.3.1}{Definici\363n}{chapter.3}% 35
\BOOKMARK [2][-]{subsection.3.1.1}{Condiciones de Espacio Vectorial}{section.3.1}% 36
\BOOKMARK [1][-]{section.3.2}{Consecuencias y Propiedades}{chapter.3}% 37
\BOOKMARK [1][-]{section.3.3}{Ejemplos}{chapter.3}% 38
\BOOKMARK [0][-]{chapter.4}{Subespacios Vectoriales}{part.2}% 39
\BOOKMARK [1][-]{section.4.1}{Definici\363n}{chapter.4}% 40
\BOOKMARK [1][-]{section.4.2}{Demostrar que `39`42`"613A``45`47`"603AW es un Subespacio de `39`42`"613A``45`47`"603AV}{chapter.4}% 41
\BOOKMARK [1][-]{section.4.3}{Propiedades de los Subespacios}{chapter.4}% 42
\BOOKMARK [1][-]{section.4.4}{Suma de Subespacios Vectoriales}{chapter.4}% 43
\BOOKMARK [2][-]{subsection.4.4.1}{Propiedades}{section.4.4}% 44
\BOOKMARK [2][-]{subsection.4.4.2}{Suma Directa de Subespacios Vectoriales}{section.4.4}% 45
\BOOKMARK [1][-]{section.4.5}{Ejemplos}{chapter.4}% 46
\BOOKMARK [0][-]{chapter.5}{Combinaciones Lineales}{part.2}% 47
\BOOKMARK [1][-]{section.5.1}{Definici\363n}{chapter.5}% 48
\BOOKMARK [2][-]{subsection.5.1.1}{Definici\363n}{section.5.1}% 49
\BOOKMARK [2][-]{subsection.5.1.2}{Vectores Linealmente Dependiente}{section.5.1}% 50
\BOOKMARK [2][-]{subsection.5.1.3}{Vectores Linealmente Independiente}{section.5.1}% 51
\BOOKMARK [1][-]{section.5.2}{Generadores}{chapter.5}% 52
\BOOKMARK [2][-]{subsection.5.2.1}{Definici\363n}{section.5.2}% 53
\BOOKMARK [2][-]{subsection.5.2.2}{Propiedades}{section.5.2}% 54
\BOOKMARK [1][-]{section.5.3}{Propiedades de Dependencia Lineal}{chapter.5}% 55
\BOOKMARK [1][-]{section.5.4}{Bases}{chapter.5}% 56
\BOOKMARK [2][-]{subsection.5.4.1}{Definici\363n}{section.5.4}% 57
\BOOKMARK [2][-]{subsection.5.4.2}{Base Can\363nica}{section.5.4}% 58
\BOOKMARK [2][-]{subsection.5.4.3}{Propiedades}{section.5.4}% 59
\BOOKMARK [2][-]{subsection.5.4.4}{Ejemplos}{section.5.4}% 60
\BOOKMARK [-1][-]{part.3}{III Productos Internos y weas}{}% 61
\BOOKMARK [0][-]{chapter.6}{Producto Interno}{part.3}% 62
\BOOKMARK [1][-]{section.6.1}{Definici\363n}{chapter.6}% 63
\BOOKMARK [2][-]{subsection.6.1.1}{Algunas definiciones}{section.6.1}% 64
\BOOKMARK [1][-]{section.6.2}{Cosas que podemos definir con esto}{chapter.6}% 65
\BOOKMARK [2][-]{subsection.6.2.1}{Longitud}{section.6.2}% 66
\BOOKMARK [2][-]{subsection.6.2.2}{Ortogonalidad}{section.6.2}% 67
\BOOKMARK [2][-]{subsection.6.2.3}{Proyecci\363n y Ortogonales}{section.6.2}% 68
\BOOKMARK [2][-]{subsection.6.2.4}{Descomposici\363n en Combinaci\363n Lineal de la Base}{section.6.2}% 69
\BOOKMARK [0][-]{chapter.7}{Cosas Ortogonales-normales}{part.3}% 70
\BOOKMARK [1][-]{section.7.1}{Matrices Ortogonales}{chapter.7}% 71
\BOOKMARK [-1][-]{part.4}{IV Transformaciones Lineales}{}% 72
\BOOKMARK [0][-]{chapter.8}{Caracter\355sticas de las Lineales}{part.4}% 73
\BOOKMARK [1][-]{section.8.1}{Definici\363n}{chapter.8}% 74
\BOOKMARK [2][-]{subsection.8.1.1}{Espacio de las Transformaciones Lineales}{section.8.1}% 75
\BOOKMARK [2][-]{subsection.8.1.2}{Ejemplos}{section.8.1}% 76
\BOOKMARK [2][-]{subsection.8.1.3}{Propiedades}{section.8.1}% 77
\BOOKMARK [1][-]{section.8.2}{Kernel y Rango}{chapter.8}% 78
\BOOKMARK [2][-]{subsection.8.2.1}{Definici\363n del Kernel}{section.8.2}% 79
\BOOKMARK [2][-]{subsection.8.2.2}{Definici\363n del Rango}{section.8.2}% 80
\BOOKMARK [2][-]{subsection.8.2.3}{Propiedades}{section.8.2}% 81
\BOOKMARK [2][-]{subsection.8.2.4}{Ejemplos}{section.8.2}% 82
\BOOKMARK [1][-]{section.8.3}{Proyecciones}{chapter.8}% 83
\BOOKMARK [1][-]{section.8.4}{Invariantes}{chapter.8}% 84
\BOOKMARK [2][-]{subsection.8.4.1}{Propiedades}{section.8.4}% 85
\BOOKMARK [0][-]{chapter.9}{Transformaciones y las Matrices}{part.4}% 86
\BOOKMARK [1][-]{section.9.1}{Cosas que debes Saber}{chapter.9}% 87
\BOOKMARK [2][-]{subsection.9.1.1}{Base Ordenada}{section.9.1}% 88
\BOOKMARK [2][-]{subsection.9.1.2}{Vector Coordenada}{section.9.1}% 89
\BOOKMARK [1][-]{section.9.2}{Representaci\363n Matricial}{chapter.9}% 90
\BOOKMARK [2][-]{subsection.9.2.1}{Definici\363n}{section.9.2}% 91
\BOOKMARK [2][-]{subsection.9.2.2}{Propiedades}{section.9.2}% 92
\BOOKMARK [2][-]{subsection.9.2.3}{Ejemplos}{section.9.2}% 93
\BOOKMARK [1][-]{section.9.3}{Composici\363n de Transformaciones}{chapter.9}% 94
\BOOKMARK [2][-]{subsection.9.3.1}{Definici\363n}{section.9.3}% 95
\BOOKMARK [2][-]{subsection.9.3.2}{Propiedades}{section.9.3}% 96
\BOOKMARK [1][-]{section.9.4}{Encaje}{chapter.9}% 97
\BOOKMARK [2][-]{subsection.9.4.1}{Definici\363n}{section.9.4}% 98
\BOOKMARK [2][-]{subsection.9.4.2}{Propiedades}{section.9.4}% 99
\BOOKMARK [1][-]{section.9.5}{Inversa de una Transformaci\363n Lineal}{chapter.9}% 100
\BOOKMARK [2][-]{subsection.9.5.1}{Definici\363n}{section.9.5}% 101
\BOOKMARK [2][-]{subsection.9.5.2}{Propiedades}{section.9.5}% 102
\BOOKMARK [1][-]{section.9.6}{Isomorfismos}{chapter.9}% 103
\BOOKMARK [2][-]{subsection.9.6.1}{Definici\363n}{section.9.6}% 104
\BOOKMARK [2][-]{subsection.9.6.2}{Propiedades}{section.9.6}% 105
\BOOKMARK [1][-]{section.9.7}{Cambio de Coordenadas}{chapter.9}% 106
\BOOKMARK [2][-]{subsection.9.7.1}{Definici\363n}{section.9.7}% 107
\BOOKMARK [2][-]{subsection.9.7.2}{Propiedades}{section.9.7}% 108
\BOOKMARK [2][-]{subsection.9.7.3}{Ejemplos}{section.9.7}% 109
\BOOKMARK [-1][-]{part.5}{V Ecuaciones Lineales, Gauss-Jordan y sus Amigos}{}% 110
\BOOKMARK [0][-]{chapter.10}{Operaciones Elementales}{part.5}% 111
\BOOKMARK [1][-]{section.10.1}{Definici\363n}{chapter.10}% 112
\BOOKMARK [2][-]{subsection.10.1.1}{Swap: Intercambiar Filas \363 Columnas}{section.10.1}% 113
\BOOKMARK [2][-]{subsection.10.1.2}{Pivot: Filas \363 Columnas m\341s m\372ltiplo de otras}{section.10.1}% 114
\BOOKMARK [2][-]{subsection.10.1.3}{Scale: Escalar Filas \363 Columnas}{section.10.1}% 115
\BOOKMARK [2][-]{subsection.10.1.4}{Propiedades}{section.10.1}% 116
\BOOKMARK [1][-]{section.10.2}{Rango de Matrices}{chapter.10}% 117
\BOOKMARK [2][-]{subsection.10.2.1}{Propiedades}{section.10.2}% 118
\BOOKMARK [1][-]{section.10.3}{Matriz Aumentada}{chapter.10}% 119
\BOOKMARK [0][-]{chapter.11}{Sistemas de Ecuaciones Lineales}{part.5}% 120
\BOOKMARK [1][-]{section.11.1}{Generalidades}{chapter.11}% 121
\BOOKMARK [2][-]{subsection.11.1.1}{Definici\363n: Ecuaciones Lineales}{section.11.1}% 122
\BOOKMARK [2][-]{subsection.11.1.2}{Matriz Ampliada}{section.11.1}% 123
\BOOKMARK [2][-]{subsection.11.1.3}{Sistema Ecuaciones como Multiplicaci\363n de Matrices}{section.11.1}% 124
\BOOKMARK [1][-]{section.11.2}{Sistemas Inconsistentes}{chapter.11}% 125
\BOOKMARK [1][-]{section.11.3}{Sistemas Consistentes}{chapter.11}% 126
\BOOKMARK [2][-]{subsection.11.3.1}{Propiedades}{section.11.3}% 127
\BOOKMARK [2][-]{subsection.11.3.2}{Variables Principales y Libres}{section.11.3}% 128
\BOOKMARK [2][-]{subsection.11.3.3}{Sistemas Homogeneos}{section.11.3}% 129
\BOOKMARK [2][-]{subsection.11.3.4}{Sistemas Consistentes Independientes}{section.11.3}% 130
\BOOKMARK [2][-]{subsection.11.3.5}{Sistemas Consistentes Dependientes}{section.11.3}% 131
\BOOKMARK [0][-]{chapter.12}{Gauss-Jordan y sus Amigos}{part.5}% 132
\BOOKMARK [1][-]{section.12.1}{Eliminaci\363n Gaussiana}{chapter.12}% 133
\BOOKMARK [2][-]{subsection.12.1.1}{Matriz Escalonada por Filas}{section.12.1}% 134
\BOOKMARK [2][-]{subsection.12.1.2}{Algoritmo}{section.12.1}% 135
\BOOKMARK [1][-]{section.12.2}{Gauss-Jordan}{chapter.12}% 136
\BOOKMARK [2][-]{subsection.12.2.1}{Matriz Escalonada Reducida por Filas}{section.12.2}% 137
\BOOKMARK [2][-]{subsection.12.2.2}{Ejemplos}{section.12.2}% 138
\BOOKMARK [1][-]{section.12.3}{Inversa de una Matriz}{chapter.12}% 139
\BOOKMARK [2][-]{subsection.12.3.1}{Propiedades}{section.12.3}% 140
\BOOKMARK [-1][-]{part.6}{VI Determinantes y Normas}{}% 141
\BOOKMARK [0][-]{chapter.13}{Determinantes de 2 2}{part.6}% 142
\BOOKMARK [1][-]{section.13.1}{Definici\363n}{chapter.13}% 143
\BOOKMARK [1][-]{section.13.2}{Propiedades}{chapter.13}% 144
\BOOKMARK [0][-]{chapter.14}{Determinantes en General}{part.6}% 145
\BOOKMARK [1][-]{section.14.1}{Notaci\363n}{chapter.14}% 146
\BOOKMARK [1][-]{section.14.2}{Definici\363n Recursiva}{chapter.14}% 147
\BOOKMARK [1][-]{section.14.3}{Caracter\355sticas Importantes}{chapter.14}% 148
\BOOKMARK [2][-]{subsection.14.3.1}{N-Lineal}{section.14.3}% 149
\BOOKMARK [2][-]{subsection.14.3.2}{Alternante}{section.14.3}% 150
\BOOKMARK [1][-]{section.14.4}{Definici\363n por Propiedades}{chapter.14}% 151
\BOOKMARK [2][-]{subsection.14.4.1}{Propiedades}{section.14.4}% 152
\BOOKMARK [1][-]{section.14.5}{Determinantes y Elementales}{chapter.14}% 153
\BOOKMARK [2][-]{subsection.14.5.1}{Propiedades}{section.14.5}% 154
\BOOKMARK [1][-]{section.14.6}{Cofactor}{chapter.14}% 155
\BOOKMARK [1][-]{section.14.7}{Adjunta}{chapter.14}% 156
\BOOKMARK [2][-]{subsection.14.7.1}{Propiedades}{section.14.7}% 157
\BOOKMARK [0][-]{chapter.15}{Normas Vectoriales}{part.6}% 158
\BOOKMARK [1][-]{section.15.1}{Definici\363n}{chapter.15}% 159
\BOOKMARK [0][-]{chapter.16}{Normas Matriciales}{part.6}% 160
\BOOKMARK [1][-]{section.16.1}{Definici\363n}{chapter.16}% 161
\BOOKMARK [2][-]{subsection.16.1.1}{Norma Consistente}{section.16.1}% 162
\BOOKMARK [2][-]{subsection.16.1.2}{Norma Subordinada}{section.16.1}% 163
\BOOKMARK [1][-]{section.16.2}{Propiedades}{chapter.16}% 164
\BOOKMARK [-1][-]{part.7}{VII An\341lisis N\372merico: Solucionar A \040= }{}% 165
\BOOKMARK [0][-]{chapter.17}{Factorizaci\363n LU}{part.7}% 166
\BOOKMARK [1][-]{section.17.1}{Recordemos}{chapter.17}% 167
\BOOKMARK [1][-]{section.17.2}{Definici\363n del Algoritmo}{chapter.17}% 168
\BOOKMARK [2][-]{subsection.17.2.1}{Definici\363n Matem\341tica}{section.17.2}% 169
\BOOKMARK [1][-]{section.17.3}{Forma de Obtener a LU}{chapter.17}% 170
\BOOKMARK [2][-]{subsection.17.3.1}{Ejemplo}{section.17.3}% 171
\BOOKMARK [1][-]{section.17.4}{Resolver AT \040= }{chapter.17}% 172
\BOOKMARK [1][-]{section.17.5}{LU con pivoteo parcial}{chapter.17}% 173
\BOOKMARK [0][-]{chapter.18}{Factorizaci\363n de Cholesky}{part.7}% 174
\BOOKMARK [1][-]{section.18.1}{Matrices definidas positivas}{chapter.18}% 175
\BOOKMARK [2][-]{subsection.18.1.1}{Propiedades}{section.18.1}% 176
\BOOKMARK [2][-]{subsection.18.1.2}{Complemento de Schur}{section.18.1}% 177
\BOOKMARK [1][-]{section.18.2}{Definici\363n General}{chapter.18}% 178
\BOOKMARK [1][-]{section.18.3}{Definici\363n Matem\341tica}{chapter.18}% 179
\BOOKMARK [2][-]{subsection.18.3.1}{Ejemplo}{section.18.3}% 180
\BOOKMARK [1][-]{section.18.4}{Definici\363n Matem\341tica \(L \040D \040LT\)}{chapter.18}% 181
\BOOKMARK [2][-]{subsection.18.4.1}{Ejemplo}{section.18.4}% 182
\BOOKMARK [0][-]{chapter.19}{An\341lisis del Error}{part.7}% 183
\BOOKMARK [1][-]{section.19.1}{Definici\363n del Error Absoluto}{chapter.19}% 184
\BOOKMARK [1][-]{section.19.2}{Cotas del Error Absoluto}{chapter.19}% 185
\BOOKMARK [1][-]{section.19.3}{Condici\363n de una Matriz}{chapter.19}% 186
\BOOKMARK [2][-]{subsection.19.3.1}{Propiedades}{section.19.3}% 187
\BOOKMARK [-1][-]{part.8}{VIII An\341lisis N\372merico: Aproximar A \040= }{}% 188
\BOOKMARK [0][-]{chapter.20}{Introducci\363n}{part.8}% 189
\BOOKMARK [1][-]{section.20.1}{Introducci\363n}{chapter.20}% 190
\BOOKMARK [0][-]{chapter.21}{Ecuaciones Normales}{part.8}% 191
\BOOKMARK [1][-]{section.21.1}{Introducci\363n}{chapter.21}% 192
\BOOKMARK [2][-]{subsection.21.1.1}{Funci\363n de Error}{section.21.1}% 193
\BOOKMARK [0][-]{chapter.22}{M\355nimos Cuadrados}{part.8}% 194
\BOOKMARK [1][-]{section.22.1}{PseudoInversa}{chapter.22}% 195
