\BOOKMARK [0][-]{chapter.1}{Transformaciones Lineales}{}% 1
\BOOKMARK [1][-]{section.1.1}{Definici\363n}{chapter.1}% 2
\BOOKMARK [1][-]{section.1.2}{Propiedades}{chapter.1}% 3
\BOOKMARK [1][-]{section.1.3}{Ejemplos}{chapter.1}% 4
\BOOKMARK [0][-]{chapter.2}{Kernel e Imagen}{}% 5
\BOOKMARK [1][-]{section.2.1}{Kernel}{chapter.2}% 6
\BOOKMARK [1][-]{section.2.2}{Im\341gen}{chapter.2}% 7
\BOOKMARK [1][-]{section.2.3}{Propiedades de Ambas}{chapter.2}% 8
\BOOKMARK [1][-]{section.2.4}{Ejemplos de Kernel}{chapter.2}% 9
\BOOKMARK [1][-]{section.2.5}{Ejemplos de Im\341gen}{chapter.2}% 10
\BOOKMARK [0][-]{chapter.3}{Tipos de Transformaciones}{}% 11
\BOOKMARK [1][-]{section.3.1}{Transformaci\363n Inyectiva}{chapter.3}% 12
\BOOKMARK [1][-]{section.3.2}{Transformaci\363n Suprayectiva}{chapter.3}% 13
\BOOKMARK [1][-]{section.3.3}{Isomorfismo}{chapter.3}% 14
\BOOKMARK [1][-]{section.3.4}{Propiedades}{chapter.3}% 15
\BOOKMARK [2][-]{subsection.3.4.1}{Biyectivas}{section.3.4}% 16
\BOOKMARK [2][-]{subsection.3.4.2}{Inyectiva y Suprayectiva}{section.3.4}% 17
\BOOKMARK [1][-]{section.3.5}{Ejemplos de Inyectivas / Suprayectivas}{chapter.3}% 18
\BOOKMARK [1][-]{section.3.6}{Ejemplos de Isomorfismos}{chapter.3}% 19
\BOOKMARK [0][-]{chapter.4}{Matriz Asociada}{}% 20
\BOOKMARK [1][-]{section.4.1}{Encontrar `39`42`"613A``45`47`"603AT usando una Base}{chapter.4}% 21
\BOOKMARK [2][-]{subsection.4.1.1}{Ejemplos}{section.4.1}% 22
\BOOKMARK [1][-]{section.4.2}{Matriz Asociada a Base Can\363nica}{chapter.4}% 23
\BOOKMARK [2][-]{subsection.4.2.1}{Ejemplos}{section.4.2}% 24
\BOOKMARK [1][-]{section.4.3}{Matriz Asociada a Sistemas de C.}{chapter.4}% 25
\BOOKMARK [1][-]{section.4.4}{Propiedades}{chapter.4}% 26
\BOOKMARK [1][-]{section.4.5}{Matriz Semejante}{chapter.4}% 27
\BOOKMARK [0][-]{chapter.5}{Valores y Vectores Propios}{}% 28
\BOOKMARK [1][-]{section.5.1}{Valor Caracter\355stico}{chapter.5}% 29
\BOOKMARK [2][-]{subsection.5.1.1}{Propiedades}{section.5.1}% 30
