\BOOKMARK [0][-]{chapter.1}{Transformaciones Lineales}{}% 1
\BOOKMARK [1][-]{section.1.1}{Definici\363n}{chapter.1}% 2
\BOOKMARK [1][-]{section.1.2}{Propiedades}{chapter.1}% 3
\BOOKMARK [1][-]{section.1.3}{Ejemplos}{chapter.1}% 4
\BOOKMARK [0][-]{chapter.2}{Kernel e Imagen}{}% 5
\BOOKMARK [1][-]{section.2.1}{Kernel}{chapter.2}% 6
\BOOKMARK [1][-]{section.2.2}{Im\341gen}{chapter.2}% 7
\BOOKMARK [1][-]{section.2.3}{Propiedades de Ambas}{chapter.2}% 8
\BOOKMARK [1][-]{section.2.4}{Ejemplos de Kernel}{chapter.2}% 9
\BOOKMARK [1][-]{section.2.5}{Ejemplos de Im\341gen}{chapter.2}% 10
\BOOKMARK [0][-]{chapter.3}{Tipos de Transformaciones}{}% 11
\BOOKMARK [1][-]{section.3.1}{Inyectiva y Supreyectiva}{chapter.3}% 12
\BOOKMARK [2][-]{subsection.3.1.1}{Suprayectiva}{section.3.1}% 13
\BOOKMARK [2][-]{subsection.3.1.2}{Inyectiva}{section.3.1}% 14
\BOOKMARK [2][-]{subsection.3.1.3}{Propiedades}{section.3.1}% 15
\BOOKMARK [1][-]{section.3.2}{Isomorfismo}{chapter.3}% 16
\BOOKMARK [2][-]{subsection.3.2.1}{Propiedades}{section.3.2}% 17
\BOOKMARK [1][-]{section.3.3}{Gran Teorema de Algebra Lineal}{chapter.3}% 18
\BOOKMARK [0][-]{chapter.4}{Matriz Asociada}{}% 19
\BOOKMARK [1][-]{section.4.1}{Matriz Asociada a Sistemas de C.}{chapter.4}% 20
\BOOKMARK [1][-]{section.4.2}{Propiedades}{chapter.4}% 21
\BOOKMARK [1][-]{section.4.3}{Matriz Semejante}{chapter.4}% 22
\BOOKMARK [0][-]{chapter.5}{Valores y Vectores Propios}{}% 23
\BOOKMARK [1][-]{section.5.1}{Valor Caracter\355stico}{chapter.5}% 24
\BOOKMARK [2][-]{subsection.5.1.1}{Propiedades}{section.5.1}% 25
